<?xml version="1.0" encoding="UTF-8"?>
<!-- Generated by org.testng.reporters.JUnitReportReporter -->
<testsuite hostname="UDI-D5MNN33" failures="0" tests="1" name="testCases.LoginTest" time="4.337" errors="0" timestamp="2021-12-05T08:48:23 BRT" skipped="0">
  <testcase classname="testCases.LoginTest" name="loginTest" time="4.337"/>
  <system-out/>
</testsuite> <!-- testCases.LoginTest -->
